000 (16094807.000.000) 10/23 17:30:21 Job submitted from host: <128.230.146.18:9615?PrivAddr=%3c10.5.2.3:9615%3fsock%3d2967851_7f63%3e&PrivNet=SU_ITS&addrs=128.230.146.18-9615+[--1]-9615&noUDP&sock=2967851_7f63>
    DAG Node: create_dir_blackdiamond_0_local
    pool:local
...
028 (16094807.000.000) 10/23 17:30:21 Job ad information event triggered.
TriggerEventTypeNumber = 0
JOB_GLIDEIN_SiteWMS_Queue = "$$(GLIDEIN_SiteWMS_Queue:Unknown)"
JOB_GLIDEIN_SiteWMS_JobId = "$$(GLIDEIN_SiteWMS_JobId:Unknown)"
JOB_GLIDEIN_SiteWMS_Slot = "$$(GLIDEIN_SiteWMS_Slot:Unknown)"
JOB_GLIDEIN_SiteWMS = "$$(GLIDEIN_SiteWMS:Unknown)"
JOB_GLIDEIN_Site = "$$(GLIDEIN_Site:Unknown)"
JOB_Site = "$$(GLIDEIN_Site:Unknown)"
JOB_GLIDEIN_ProcId = "$$(GLIDEIN_ProcId:Unknown)"
JOB_GLIDEIN_Factory = "$$(GLIDEIN_Factory:Unknown)"
JOB_GLIDEIN_Entry_Name = "$$(GLIDEIN_Entry_Name:Unknown)"
JOB_GLIDEIN_ClusterId = "$$(GLIDEIN_ClusterId:Unknown)"
JOB_GLIDEIN_Schedd = "$$(GLIDEIN_Schedd:Unknown)"
EventTypeNumber = 28
Subproc = 0
MyType = "SubmitEvent"
TriggerEventTypeName = "ULOG_SUBMIT"
Cluster = 16094807
Proc = 0
EventTime = "2018-10-23T17:30:21"
SubmitHost = "<128.230.146.18:9615?PrivAddr=%3c10.5.2.3:9615%3fsock%3d2967851_7f63%3e&PrivNet=SU_ITS&addrs=128.230.146.18-9615+[--1]-9615&noUDP&sock=2967851_7f63>"
LogNotes = "DAG Node: create_dir_blackdiamond_0_local"
UserNotes = "pool:local"
JOB_GLIDEIN_Name = "$$(GLIDEIN_Name:Unknown)"
...
001 (16094807.000.000) 10/23 17:32:06 Job executing on host: <128.230.146.18:9615?PrivAddr=%3c10.5.2.3:9615%3fsock%3d2967851_7f63_2596%3e&PrivNet=SU_ITS&addrs=128.230.146.18-9615+[--1]-9615&noUDP&sock=2967851_7f63_2596>
...
005 (16094807.000.000) 10/23 17:32:08 Job terminated.
	(1) Normal termination (return value 0)
		Usr 0 00:00:00, Sys 0 00:00:00  -  Run Remote Usage
		Usr 0 00:00:00, Sys 0 00:00:00  -  Run Local Usage
		Usr 0 00:00:00, Sys 0 00:00:00  -  Total Remote Usage
		Usr 0 00:00:00, Sys 0 00:00:00  -  Total Local Usage
	0  -  Run Bytes Sent By Job
	0  -  Run Bytes Received By Job
	0  -  Total Bytes Sent By Job
	0  -  Total Bytes Received By Job
...
028 (16094807.000.000) 10/23 17:32:08 Job ad information event triggered.
JOB_GLIDEIN_ClusterId = "Unknown"
JOB_GLIDEIN_Schedd = "Unknown"
SentBytes = 0.0
TotalRemoteUsage = "Usr 0 00:00:00, Sys 0 00:00:00"
JOB_GLIDEIN_Name = "Unknown"
TerminatedNormally = true
JOB_Site = "Unknown"
JOB_GLIDEIN_Site = "Unknown"
TotalLocalUsage = "Usr 0 00:00:00, Sys 0 00:00:00"
EventTypeNumber = 28
TotalSentBytes = 0.0
EventTime = "2018-10-23T17:32:08"
Proc = 0
Subproc = 0
MyType = "JobTerminatedEvent"
TriggerEventTypeName = "ULOG_JOB_TERMINATED"
RunRemoteUsage = "Usr 0 00:00:00, Sys 0 00:00:00"
JOB_GLIDEIN_Entry_Name = "Unknown"
JOB_GLIDEIN_Factory = "Unknown"
JOB_GLIDEIN_ProcId = "Unknown"
Cluster = 16094807
ReceivedBytes = 0.0
TotalReceivedBytes = 0.0
ReturnValue = 0
RunLocalUsage = "Usr 0 00:00:00, Sys 0 00:00:00"
JOB_GLIDEIN_SiteWMS = "Unknown"
JOB_GLIDEIN_SiteWMS_Slot = "Unknown"
JOB_GLIDEIN_SiteWMS_JobId = "Unknown"
JOB_GLIDEIN_SiteWMS_Queue = "Unknown"
TriggerEventTypeNumber = 5
...
000 (16094808.000.000) 10/23 17:32:31 Job submitted from host: <128.230.146.18:9615?PrivAddr=%3c10.5.2.3:9615%3fsock%3d2967851_7f63%3e&PrivNet=SU_ITS&addrs=128.230.146.18-9615+[--1]-9615&noUDP&sock=2967851_7f63>
    DAG Node: stage_in_local_local_1_0
    pool:local
...
028 (16094808.000.000) 10/23 17:32:31 Job ad information event triggered.
TriggerEventTypeNumber = 0
JOB_GLIDEIN_SiteWMS_Queue = "$$(GLIDEIN_SiteWMS_Queue:Unknown)"
JOB_GLIDEIN_SiteWMS_JobId = "$$(GLIDEIN_SiteWMS_JobId:Unknown)"
JOB_GLIDEIN_SiteWMS_Slot = "$$(GLIDEIN_SiteWMS_Slot:Unknown)"
JOB_GLIDEIN_SiteWMS = "$$(GLIDEIN_SiteWMS:Unknown)"
JOB_GLIDEIN_Site = "$$(GLIDEIN_Site:Unknown)"
JOB_Site = "$$(GLIDEIN_Site:Unknown)"
JOB_GLIDEIN_ProcId = "$$(GLIDEIN_ProcId:Unknown)"
JOB_GLIDEIN_Factory = "$$(GLIDEIN_Factory:Unknown)"
JOB_GLIDEIN_Entry_Name = "$$(GLIDEIN_Entry_Name:Unknown)"
JOB_GLIDEIN_ClusterId = "$$(GLIDEIN_ClusterId:Unknown)"
JOB_GLIDEIN_Schedd = "$$(GLIDEIN_Schedd:Unknown)"
EventTypeNumber = 28
Subproc = 0
MyType = "SubmitEvent"
TriggerEventTypeName = "ULOG_SUBMIT"
Cluster = 16094808
Proc = 0
EventTime = "2018-10-23T17:32:31"
SubmitHost = "<128.230.146.18:9615?PrivAddr=%3c10.5.2.3:9615%3fsock%3d2967851_7f63%3e&PrivNet=SU_ITS&addrs=128.230.146.18-9615+[--1]-9615&noUDP&sock=2967851_7f63>"
LogNotes = "DAG Node: stage_in_local_local_1_0"
UserNotes = "pool:local"
JOB_GLIDEIN_Name = "$$(GLIDEIN_Name:Unknown)"
...
000 (16094809.000.000) 10/23 17:32:31 Job submitted from host: <128.230.146.18:9615?PrivAddr=%3c10.5.2.3:9615%3fsock%3d2967851_7f63%3e&PrivNet=SU_ITS&addrs=128.230.146.18-9615+[--1]-9615&noUDP&sock=2967851_7f63>
    DAG Node: stage_in_remote_local_0_0
    pool:local
...
028 (16094809.000.000) 10/23 17:32:31 Job ad information event triggered.
TriggerEventTypeNumber = 0
JOB_GLIDEIN_SiteWMS_Queue = "$$(GLIDEIN_SiteWMS_Queue:Unknown)"
JOB_GLIDEIN_SiteWMS_JobId = "$$(GLIDEIN_SiteWMS_JobId:Unknown)"
JOB_GLIDEIN_SiteWMS_Slot = "$$(GLIDEIN_SiteWMS_Slot:Unknown)"
JOB_GLIDEIN_SiteWMS = "$$(GLIDEIN_SiteWMS:Unknown)"
JOB_GLIDEIN_Site = "$$(GLIDEIN_Site:Unknown)"
JOB_Site = "$$(GLIDEIN_Site:Unknown)"
JOB_GLIDEIN_ProcId = "$$(GLIDEIN_ProcId:Unknown)"
JOB_GLIDEIN_Factory = "$$(GLIDEIN_Factory:Unknown)"
JOB_GLIDEIN_Entry_Name = "$$(GLIDEIN_Entry_Name:Unknown)"
JOB_GLIDEIN_ClusterId = "$$(GLIDEIN_ClusterId:Unknown)"
JOB_GLIDEIN_Schedd = "$$(GLIDEIN_Schedd:Unknown)"
EventTypeNumber = 28
Subproc = 0
MyType = "SubmitEvent"
TriggerEventTypeName = "ULOG_SUBMIT"
Cluster = 16094809
Proc = 0
EventTime = "2018-10-23T17:32:31"
SubmitHost = "<128.230.146.18:9615?PrivAddr=%3c10.5.2.3:9615%3fsock%3d2967851_7f63%3e&PrivNet=SU_ITS&addrs=128.230.146.18-9615+[--1]-9615&noUDP&sock=2967851_7f63>"
LogNotes = "DAG Node: stage_in_remote_local_0_0"
UserNotes = "pool:local"
JOB_GLIDEIN_Name = "$$(GLIDEIN_Name:Unknown)"
...
001 (16094808.000.000) 10/23 17:33:15 Job executing on host: <128.230.146.18:9615?PrivAddr=%3c10.5.2.3:9615%3fsock%3d2967851_7f63_2597%3e&PrivNet=SU_ITS&addrs=128.230.146.18-9615+[--1]-9615&noUDP&sock=2967851_7f63_2597>
...
001 (16094809.000.000) 10/23 17:33:15 Job executing on host: <128.230.146.18:9615?PrivAddr=%3c10.5.2.3:9615%3fsock%3d2967851_7f63_2598%3e&PrivNet=SU_ITS&addrs=128.230.146.18-9615+[--1]-9615&noUDP&sock=2967851_7f63_2598>
...
005 (16094808.000.000) 10/23 17:33:15 Job terminated.
	(1) Normal termination (return value 1)
		Usr 0 00:00:00, Sys 0 00:00:00  -  Run Remote Usage
		Usr 0 00:00:00, Sys 0 00:00:00  -  Run Local Usage
		Usr 0 00:00:00, Sys 0 00:00:00  -  Total Remote Usage
		Usr 0 00:00:00, Sys 0 00:00:00  -  Total Local Usage
	0  -  Run Bytes Sent By Job
	0  -  Run Bytes Received By Job
	0  -  Total Bytes Sent By Job
	0  -  Total Bytes Received By Job
...
028 (16094808.000.000) 10/23 17:33:15 Job ad information event triggered.
JOB_GLIDEIN_ClusterId = "Unknown"
JOB_GLIDEIN_Schedd = "Unknown"
SentBytes = 0.0
TotalRemoteUsage = "Usr 0 00:00:00, Sys 0 00:00:00"
JOB_GLIDEIN_Name = "Unknown"
TerminatedNormally = true
JOB_Site = "Unknown"
JOB_GLIDEIN_Site = "Unknown"
TotalLocalUsage = "Usr 0 00:00:00, Sys 0 00:00:00"
EventTypeNumber = 28
TotalSentBytes = 0.0
EventTime = "2018-10-23T17:33:15"
Proc = 0
Subproc = 0
MyType = "JobTerminatedEvent"
TriggerEventTypeName = "ULOG_JOB_TERMINATED"
RunRemoteUsage = "Usr 0 00:00:00, Sys 0 00:00:00"
JOB_GLIDEIN_Entry_Name = "Unknown"
JOB_GLIDEIN_Factory = "Unknown"
JOB_GLIDEIN_ProcId = "Unknown"
Cluster = 16094808
ReceivedBytes = 0.0
TotalReceivedBytes = 0.0
ReturnValue = 1
RunLocalUsage = "Usr 0 00:00:00, Sys 0 00:00:00"
JOB_GLIDEIN_SiteWMS = "Unknown"
JOB_GLIDEIN_SiteWMS_Slot = "Unknown"
JOB_GLIDEIN_SiteWMS_JobId = "Unknown"
JOB_GLIDEIN_SiteWMS_Queue = "Unknown"
TriggerEventTypeNumber = 5
...
005 (16094809.000.000) 10/23 17:33:17 Job terminated.
	(1) Normal termination (return value 0)
		Usr 0 00:00:00, Sys 0 00:00:00  -  Run Remote Usage
		Usr 0 00:00:00, Sys 0 00:00:00  -  Run Local Usage
		Usr 0 00:00:00, Sys 0 00:00:00  -  Total Remote Usage
		Usr 0 00:00:00, Sys 0 00:00:00  -  Total Local Usage
	0  -  Run Bytes Sent By Job
	0  -  Run Bytes Received By Job
	0  -  Total Bytes Sent By Job
	0  -  Total Bytes Received By Job
...
028 (16094809.000.000) 10/23 17:33:17 Job ad information event triggered.
JOB_GLIDEIN_ClusterId = "Unknown"
JOB_GLIDEIN_Schedd = "Unknown"
SentBytes = 0.0
TotalRemoteUsage = "Usr 0 00:00:00, Sys 0 00:00:00"
JOB_GLIDEIN_Name = "Unknown"
TerminatedNormally = true
JOB_Site = "Unknown"
JOB_GLIDEIN_Site = "Unknown"
TotalLocalUsage = "Usr 0 00:00:00, Sys 0 00:00:00"
EventTypeNumber = 28
TotalSentBytes = 0.0
EventTime = "2018-10-23T17:33:17"
Proc = 0
Subproc = 0
MyType = "JobTerminatedEvent"
TriggerEventTypeName = "ULOG_JOB_TERMINATED"
RunRemoteUsage = "Usr 0 00:00:00, Sys 0 00:00:00"
JOB_GLIDEIN_Entry_Name = "Unknown"
JOB_GLIDEIN_Factory = "Unknown"
JOB_GLIDEIN_ProcId = "Unknown"
Cluster = 16094809
ReceivedBytes = 0.0
TotalReceivedBytes = 0.0
ReturnValue = 0
RunLocalUsage = "Usr 0 00:00:00, Sys 0 00:00:00"
JOB_GLIDEIN_SiteWMS = "Unknown"
JOB_GLIDEIN_SiteWMS_Slot = "Unknown"
JOB_GLIDEIN_SiteWMS_JobId = "Unknown"
JOB_GLIDEIN_SiteWMS_Queue = "Unknown"
TriggerEventTypeNumber = 5
...
000 (16094810.000.000) 10/23 17:33:41 Job submitted from host: <128.230.146.18:9615?PrivAddr=%3c10.5.2.3:9615%3fsock%3d2967851_7f63%3e&PrivNet=SU_ITS&addrs=128.230.146.18-9615+[--1]-9615&noUDP&sock=2967851_7f63>
    DAG Node: stage_in_local_local_1_0
    pool:local
...
028 (16094810.000.000) 10/23 17:33:41 Job ad information event triggered.
TriggerEventTypeNumber = 0
JOB_GLIDEIN_SiteWMS_Queue = "$$(GLIDEIN_SiteWMS_Queue:Unknown)"
JOB_GLIDEIN_SiteWMS_JobId = "$$(GLIDEIN_SiteWMS_JobId:Unknown)"
JOB_GLIDEIN_SiteWMS_Slot = "$$(GLIDEIN_SiteWMS_Slot:Unknown)"
JOB_GLIDEIN_SiteWMS = "$$(GLIDEIN_SiteWMS:Unknown)"
JOB_GLIDEIN_Site = "$$(GLIDEIN_Site:Unknown)"
JOB_Site = "$$(GLIDEIN_Site:Unknown)"
JOB_GLIDEIN_ProcId = "$$(GLIDEIN_ProcId:Unknown)"
JOB_GLIDEIN_Factory = "$$(GLIDEIN_Factory:Unknown)"
JOB_GLIDEIN_Entry_Name = "$$(GLIDEIN_Entry_Name:Unknown)"
JOB_GLIDEIN_ClusterId = "$$(GLIDEIN_ClusterId:Unknown)"
JOB_GLIDEIN_Schedd = "$$(GLIDEIN_Schedd:Unknown)"
EventTypeNumber = 28
Subproc = 0
MyType = "SubmitEvent"
TriggerEventTypeName = "ULOG_SUBMIT"
Cluster = 16094810
Proc = 0
EventTime = "2018-10-23T17:33:41"
SubmitHost = "<128.230.146.18:9615?PrivAddr=%3c10.5.2.3:9615%3fsock%3d2967851_7f63%3e&PrivNet=SU_ITS&addrs=128.230.146.18-9615+[--1]-9615&noUDP&sock=2967851_7f63>"
LogNotes = "DAG Node: stage_in_local_local_1_0"
UserNotes = "pool:local"
JOB_GLIDEIN_Name = "$$(GLIDEIN_Name:Unknown)"
...
000 (16094811.000.000) 10/23 17:33:41 Job submitted from host: <128.230.146.18:9615?PrivAddr=%3c10.5.2.3:9615%3fsock%3d2967851_7f63%3e&PrivNet=SU_ITS&addrs=128.230.146.18-9615+[--1]-9615&noUDP&sock=2967851_7f63>
    DAG Node: preprocess_j1
    pool:local
...
028 (16094811.000.000) 10/23 17:33:41 Job ad information event triggered.
TriggerEventTypeNumber = 0
JOB_GLIDEIN_SiteWMS_Queue = "$$(GLIDEIN_SiteWMS_Queue:Unknown)"
JOB_GLIDEIN_SiteWMS_JobId = "$$(GLIDEIN_SiteWMS_JobId:Unknown)"
JOB_GLIDEIN_SiteWMS_Slot = "$$(GLIDEIN_SiteWMS_Slot:Unknown)"
JOB_GLIDEIN_SiteWMS = "$$(GLIDEIN_SiteWMS:Unknown)"
JOB_GLIDEIN_Site = "$$(GLIDEIN_Site:Unknown)"
JOB_Site = "$$(GLIDEIN_Site:Unknown)"
JOB_GLIDEIN_ProcId = "$$(GLIDEIN_ProcId:Unknown)"
JOB_GLIDEIN_Factory = "$$(GLIDEIN_Factory:Unknown)"
JOB_GLIDEIN_Entry_Name = "$$(GLIDEIN_Entry_Name:Unknown)"
JOB_GLIDEIN_ClusterId = "$$(GLIDEIN_ClusterId:Unknown)"
JOB_GLIDEIN_Schedd = "$$(GLIDEIN_Schedd:Unknown)"
EventTypeNumber = 28
Subproc = 0
MyType = "SubmitEvent"
TriggerEventTypeName = "ULOG_SUBMIT"
Cluster = 16094811
Proc = 0
EventTime = "2018-10-23T17:33:41"
SubmitHost = "<128.230.146.18:9615?PrivAddr=%3c10.5.2.3:9615%3fsock%3d2967851_7f63%3e&PrivNet=SU_ITS&addrs=128.230.146.18-9615+[--1]-9615&noUDP&sock=2967851_7f63>"
LogNotes = "DAG Node: preprocess_j1"
UserNotes = "pool:local"
JOB_GLIDEIN_Name = "$$(GLIDEIN_Name:Unknown)"
...
001 (16094811.000.000) 10/23 17:34:00 Job executing on host: <128.230.146.18:9615?PrivAddr=%3c10.5.2.3:9615%3fsock%3d2967851_7f63_2599%3e&PrivNet=SU_ITS&addrs=128.230.146.18-9615+[--1]-9615&noUDP&sock=2967851_7f63_2599>
...
001 (16094810.000.000) 10/23 17:34:00 Job executing on host: <128.230.146.18:9615?PrivAddr=%3c10.5.2.3:9615%3fsock%3d2967851_7f63_2600%3e&PrivNet=SU_ITS&addrs=128.230.146.18-9615+[--1]-9615&noUDP&sock=2967851_7f63_2600>
...
005 (16094810.000.000) 10/23 17:34:00 Job terminated.
	(1) Normal termination (return value 1)
		Usr 0 00:00:00, Sys 0 00:00:00  -  Run Remote Usage
		Usr 0 00:00:00, Sys 0 00:00:00  -  Run Local Usage
		Usr 0 00:00:00, Sys 0 00:00:00  -  Total Remote Usage
		Usr 0 00:00:00, Sys 0 00:00:00  -  Total Local Usage
	0  -  Run Bytes Sent By Job
	0  -  Run Bytes Received By Job
	0  -  Total Bytes Sent By Job
	0  -  Total Bytes Received By Job
...
028 (16094810.000.000) 10/23 17:34:00 Job ad information event triggered.
JOB_GLIDEIN_ClusterId = "Unknown"
JOB_GLIDEIN_Schedd = "Unknown"
SentBytes = 0.0
TotalRemoteUsage = "Usr 0 00:00:00, Sys 0 00:00:00"
JOB_GLIDEIN_Name = "Unknown"
TerminatedNormally = true
JOB_Site = "Unknown"
JOB_GLIDEIN_Site = "Unknown"
TotalLocalUsage = "Usr 0 00:00:00, Sys 0 00:00:00"
EventTypeNumber = 28
TotalSentBytes = 0.0
EventTime = "2018-10-23T17:34:00"
Proc = 0
Subproc = 0
MyType = "JobTerminatedEvent"
TriggerEventTypeName = "ULOG_JOB_TERMINATED"
RunRemoteUsage = "Usr 0 00:00:00, Sys 0 00:00:00"
JOB_GLIDEIN_Entry_Name = "Unknown"
JOB_GLIDEIN_Factory = "Unknown"
JOB_GLIDEIN_ProcId = "Unknown"
Cluster = 16094810
ReceivedBytes = 0.0
TotalReceivedBytes = 0.0
ReturnValue = 1
RunLocalUsage = "Usr 0 00:00:00, Sys 0 00:00:00"
JOB_GLIDEIN_SiteWMS = "Unknown"
JOB_GLIDEIN_SiteWMS_Slot = "Unknown"
JOB_GLIDEIN_SiteWMS_JobId = "Unknown"
JOB_GLIDEIN_SiteWMS_Queue = "Unknown"
TriggerEventTypeNumber = 5
...
000 (16094812.000.000) 10/23 17:34:21 Job submitted from host: <128.230.146.18:9615?PrivAddr=%3c10.5.2.3:9615%3fsock%3d2967851_7f63%3e&PrivNet=SU_ITS&addrs=128.230.146.18-9615+[--1]-9615&noUDP&sock=2967851_7f63>
    DAG Node: stage_in_local_local_1_0
    pool:local
...
028 (16094812.000.000) 10/23 17:34:21 Job ad information event triggered.
TriggerEventTypeNumber = 0
JOB_GLIDEIN_SiteWMS_Queue = "$$(GLIDEIN_SiteWMS_Queue:Unknown)"
JOB_GLIDEIN_SiteWMS_JobId = "$$(GLIDEIN_SiteWMS_JobId:Unknown)"
JOB_GLIDEIN_SiteWMS_Slot = "$$(GLIDEIN_SiteWMS_Slot:Unknown)"
JOB_GLIDEIN_SiteWMS = "$$(GLIDEIN_SiteWMS:Unknown)"
JOB_GLIDEIN_Site = "$$(GLIDEIN_Site:Unknown)"
JOB_Site = "$$(GLIDEIN_Site:Unknown)"
JOB_GLIDEIN_ProcId = "$$(GLIDEIN_ProcId:Unknown)"
JOB_GLIDEIN_Factory = "$$(GLIDEIN_Factory:Unknown)"
JOB_GLIDEIN_Entry_Name = "$$(GLIDEIN_Entry_Name:Unknown)"
JOB_GLIDEIN_ClusterId = "$$(GLIDEIN_ClusterId:Unknown)"
JOB_GLIDEIN_Schedd = "$$(GLIDEIN_Schedd:Unknown)"
EventTypeNumber = 28
Subproc = 0
MyType = "SubmitEvent"
TriggerEventTypeName = "ULOG_SUBMIT"
Cluster = 16094812
Proc = 0
EventTime = "2018-10-23T17:34:21"
SubmitHost = "<128.230.146.18:9615?PrivAddr=%3c10.5.2.3:9615%3fsock%3d2967851_7f63%3e&PrivNet=SU_ITS&addrs=128.230.146.18-9615+[--1]-9615&noUDP&sock=2967851_7f63>"
LogNotes = "DAG Node: stage_in_local_local_1_0"
UserNotes = "pool:local"
JOB_GLIDEIN_Name = "$$(GLIDEIN_Name:Unknown)"
...
005 (16094811.000.000) 10/23 17:35:05 Job terminated.
	(1) Normal termination (return value 0)
		Usr 0 00:00:00, Sys 0 00:00:00  -  Run Remote Usage
		Usr 0 00:00:54, Sys 0 00:00:00  -  Run Local Usage
		Usr 0 00:00:00, Sys 0 00:00:00  -  Total Remote Usage
		Usr 0 00:00:00, Sys 0 00:00:00  -  Total Local Usage
	0  -  Run Bytes Sent By Job
	0  -  Run Bytes Received By Job
	0  -  Total Bytes Sent By Job
	0  -  Total Bytes Received By Job
...
028 (16094811.000.000) 10/23 17:35:05 Job ad information event triggered.
JOB_GLIDEIN_ClusterId = "Unknown"
JOB_GLIDEIN_Schedd = "Unknown"
SentBytes = 0.0
TotalRemoteUsage = "Usr 0 00:00:00, Sys 0 00:00:00"
JOB_GLIDEIN_Name = "Unknown"
TerminatedNormally = true
JOB_Site = "Unknown"
JOB_GLIDEIN_Site = "Unknown"
TotalLocalUsage = "Usr 0 00:00:00, Sys 0 00:00:00"
EventTypeNumber = 28
TotalSentBytes = 0.0
EventTime = "2018-10-23T17:35:05"
Proc = 0
Subproc = 0
MyType = "JobTerminatedEvent"
TriggerEventTypeName = "ULOG_JOB_TERMINATED"
RunRemoteUsage = "Usr 0 00:00:00, Sys 0 00:00:00"
JOB_GLIDEIN_Entry_Name = "Unknown"
JOB_GLIDEIN_Factory = "Unknown"
JOB_GLIDEIN_ProcId = "Unknown"
Cluster = 16094811
ReceivedBytes = 0.0
TotalReceivedBytes = 0.0
ReturnValue = 0
RunLocalUsage = "Usr 0 00:00:54, Sys 0 00:00:00"
JOB_GLIDEIN_SiteWMS = "Unknown"
JOB_GLIDEIN_SiteWMS_Slot = "Unknown"
JOB_GLIDEIN_SiteWMS_JobId = "Unknown"
JOB_GLIDEIN_SiteWMS_Queue = "Unknown"
TriggerEventTypeNumber = 5
...
001 (16094812.000.000) 10/23 17:35:05 Job executing on host: <128.230.146.18:9615?PrivAddr=%3c10.5.2.3:9615%3fsock%3d2967851_7f63_2601%3e&PrivNet=SU_ITS&addrs=128.230.146.18-9615+[--1]-9615&noUDP&sock=2967851_7f63_2601>
...
005 (16094812.000.000) 10/23 17:35:05 Job terminated.
	(1) Normal termination (return value 1)
		Usr 0 00:00:00, Sys 0 00:00:00  -  Run Remote Usage
		Usr 0 00:00:00, Sys 0 00:00:00  -  Run Local Usage
		Usr 0 00:00:00, Sys 0 00:00:00  -  Total Remote Usage
		Usr 0 00:00:00, Sys 0 00:00:00  -  Total Local Usage
	0  -  Run Bytes Sent By Job
	0  -  Run Bytes Received By Job
	0  -  Total Bytes Sent By Job
	0  -  Total Bytes Received By Job
...
028 (16094812.000.000) 10/23 17:35:05 Job ad information event triggered.
JOB_GLIDEIN_ClusterId = "Unknown"
JOB_GLIDEIN_Schedd = "Unknown"
SentBytes = 0.0
TotalRemoteUsage = "Usr 0 00:00:00, Sys 0 00:00:00"
JOB_GLIDEIN_Name = "Unknown"
TerminatedNormally = true
JOB_Site = "Unknown"
JOB_GLIDEIN_Site = "Unknown"
TotalLocalUsage = "Usr 0 00:00:00, Sys 0 00:00:00"
EventTypeNumber = 28
TotalSentBytes = 0.0
EventTime = "2018-10-23T17:35:05"
Proc = 0
Subproc = 0
MyType = "JobTerminatedEvent"
TriggerEventTypeName = "ULOG_JOB_TERMINATED"
RunRemoteUsage = "Usr 0 00:00:00, Sys 0 00:00:00"
JOB_GLIDEIN_Entry_Name = "Unknown"
JOB_GLIDEIN_Factory = "Unknown"
JOB_GLIDEIN_ProcId = "Unknown"
Cluster = 16094812
ReceivedBytes = 0.0
TotalReceivedBytes = 0.0
ReturnValue = 1
RunLocalUsage = "Usr 0 00:00:00, Sys 0 00:00:00"
JOB_GLIDEIN_SiteWMS = "Unknown"
JOB_GLIDEIN_SiteWMS_Slot = "Unknown"
JOB_GLIDEIN_SiteWMS_JobId = "Unknown"
JOB_GLIDEIN_SiteWMS_Queue = "Unknown"
TriggerEventTypeNumber = 5
...
000 (16094813.000.000) 10/23 17:35:32 Job submitted from host: <128.230.146.18:9615?PrivAddr=%3c10.5.2.3:9615%3fsock%3d2967851_7f63%3e&PrivNet=SU_ITS&addrs=128.230.146.18-9615+[--1]-9615&noUDP&sock=2967851_7f63>
    DAG Node: clean_up_local_level_3_0
    pool:local
...
028 (16094813.000.000) 10/23 17:35:32 Job ad information event triggered.
TriggerEventTypeNumber = 0
JOB_GLIDEIN_SiteWMS_Queue = "$$(GLIDEIN_SiteWMS_Queue:Unknown)"
JOB_GLIDEIN_SiteWMS_JobId = "$$(GLIDEIN_SiteWMS_JobId:Unknown)"
JOB_GLIDEIN_SiteWMS_Slot = "$$(GLIDEIN_SiteWMS_Slot:Unknown)"
JOB_GLIDEIN_SiteWMS = "$$(GLIDEIN_SiteWMS:Unknown)"
JOB_GLIDEIN_Site = "$$(GLIDEIN_Site:Unknown)"
JOB_Site = "$$(GLIDEIN_Site:Unknown)"
JOB_GLIDEIN_ProcId = "$$(GLIDEIN_ProcId:Unknown)"
JOB_GLIDEIN_Factory = "$$(GLIDEIN_Factory:Unknown)"
JOB_GLIDEIN_Entry_Name = "$$(GLIDEIN_Entry_Name:Unknown)"
JOB_GLIDEIN_ClusterId = "$$(GLIDEIN_ClusterId:Unknown)"
JOB_GLIDEIN_Schedd = "$$(GLIDEIN_Schedd:Unknown)"
EventTypeNumber = 28
Subproc = 0
MyType = "SubmitEvent"
TriggerEventTypeName = "ULOG_SUBMIT"
Cluster = 16094813
Proc = 0
EventTime = "2018-10-23T17:35:32"
SubmitHost = "<128.230.146.18:9615?PrivAddr=%3c10.5.2.3:9615%3fsock%3d2967851_7f63%3e&PrivNet=SU_ITS&addrs=128.230.146.18-9615+[--1]-9615&noUDP&sock=2967851_7f63>"
LogNotes = "DAG Node: clean_up_local_level_3_0"
UserNotes = "pool:local"
JOB_GLIDEIN_Name = "$$(GLIDEIN_Name:Unknown)"
...
000 (16094814.000.000) 10/23 17:35:32 Job submitted from host: <128.230.146.18:9615?PrivAddr=%3c10.5.2.3:9615%3fsock%3d2967851_7f63%3e&PrivNet=SU_ITS&addrs=128.230.146.18-9615+[--1]-9615&noUDP&sock=2967851_7f63>
    DAG Node: stage_out_local_local_0_0
    pool:local
...
028 (16094814.000.000) 10/23 17:35:32 Job ad information event triggered.
TriggerEventTypeNumber = 0
JOB_GLIDEIN_SiteWMS_Queue = "$$(GLIDEIN_SiteWMS_Queue:Unknown)"
JOB_GLIDEIN_SiteWMS_JobId = "$$(GLIDEIN_SiteWMS_JobId:Unknown)"
JOB_GLIDEIN_SiteWMS_Slot = "$$(GLIDEIN_SiteWMS_Slot:Unknown)"
JOB_GLIDEIN_SiteWMS = "$$(GLIDEIN_SiteWMS:Unknown)"
JOB_GLIDEIN_Site = "$$(GLIDEIN_Site:Unknown)"
JOB_Site = "$$(GLIDEIN_Site:Unknown)"
JOB_GLIDEIN_ProcId = "$$(GLIDEIN_ProcId:Unknown)"
JOB_GLIDEIN_Factory = "$$(GLIDEIN_Factory:Unknown)"
JOB_GLIDEIN_Entry_Name = "$$(GLIDEIN_Entry_Name:Unknown)"
JOB_GLIDEIN_ClusterId = "$$(GLIDEIN_ClusterId:Unknown)"
JOB_GLIDEIN_Schedd = "$$(GLIDEIN_Schedd:Unknown)"
EventTypeNumber = 28
Subproc = 0
MyType = "SubmitEvent"
TriggerEventTypeName = "ULOG_SUBMIT"
Cluster = 16094814
Proc = 0
EventTime = "2018-10-23T17:35:32"
SubmitHost = "<128.230.146.18:9615?PrivAddr=%3c10.5.2.3:9615%3fsock%3d2967851_7f63%3e&PrivNet=SU_ITS&addrs=128.230.146.18-9615+[--1]-9615&noUDP&sock=2967851_7f63>"
LogNotes = "DAG Node: stage_out_local_local_0_0"
UserNotes = "pool:local"
JOB_GLIDEIN_Name = "$$(GLIDEIN_Name:Unknown)"
...
000 (16094815.000.000) 10/23 17:35:32 Job submitted from host: <128.230.146.18:9615?PrivAddr=%3c10.5.2.3:9615%3fsock%3d2967851_7f63%3e&PrivNet=SU_ITS&addrs=128.230.146.18-9615+[--1]-9615&noUDP&sock=2967851_7f63>
    DAG Node: stage_in_local_local_1_0
    pool:local
...
028 (16094815.000.000) 10/23 17:35:32 Job ad information event triggered.
TriggerEventTypeNumber = 0
JOB_GLIDEIN_SiteWMS_Queue = "$$(GLIDEIN_SiteWMS_Queue:Unknown)"
JOB_GLIDEIN_SiteWMS_JobId = "$$(GLIDEIN_SiteWMS_JobId:Unknown)"
JOB_GLIDEIN_SiteWMS_Slot = "$$(GLIDEIN_SiteWMS_Slot:Unknown)"
JOB_GLIDEIN_SiteWMS = "$$(GLIDEIN_SiteWMS:Unknown)"
JOB_GLIDEIN_Site = "$$(GLIDEIN_Site:Unknown)"
JOB_Site = "$$(GLIDEIN_Site:Unknown)"
JOB_GLIDEIN_ProcId = "$$(GLIDEIN_ProcId:Unknown)"
JOB_GLIDEIN_Factory = "$$(GLIDEIN_Factory:Unknown)"
JOB_GLIDEIN_Entry_Name = "$$(GLIDEIN_Entry_Name:Unknown)"
JOB_GLIDEIN_ClusterId = "$$(GLIDEIN_ClusterId:Unknown)"
JOB_GLIDEIN_Schedd = "$$(GLIDEIN_Schedd:Unknown)"
EventTypeNumber = 28
Subproc = 0
MyType = "SubmitEvent"
TriggerEventTypeName = "ULOG_SUBMIT"
Cluster = 16094815
Proc = 0
EventTime = "2018-10-23T17:35:32"
SubmitHost = "<128.230.146.18:9615?PrivAddr=%3c10.5.2.3:9615%3fsock%3d2967851_7f63%3e&PrivNet=SU_ITS&addrs=128.230.146.18-9615+[--1]-9615&noUDP&sock=2967851_7f63>"
LogNotes = "DAG Node: stage_in_local_local_1_0"
UserNotes = "pool:local"
JOB_GLIDEIN_Name = "$$(GLIDEIN_Name:Unknown)"
...
001 (16094815.000.000) 10/23 17:35:50 Job executing on host: <128.230.146.18:9615?PrivAddr=%3c10.5.2.3:9615%3fsock%3d2967851_7f63_2602%3e&PrivNet=SU_ITS&addrs=128.230.146.18-9615+[--1]-9615&noUDP&sock=2967851_7f63_2602>
...
001 (16094814.000.000) 10/23 17:35:50 Job executing on host: <128.230.146.18:9615?PrivAddr=%3c10.5.2.3:9615%3fsock%3d2967851_7f63_2604%3e&PrivNet=SU_ITS&addrs=128.230.146.18-9615+[--1]-9615&noUDP&sock=2967851_7f63_2604>
...
005 (16094815.000.000) 10/23 17:35:54 Job terminated.
	(1) Normal termination (return value 0)
		Usr 0 00:00:00, Sys 0 00:00:00  -  Run Remote Usage
		Usr 0 00:00:00, Sys 0 00:00:00  -  Run Local Usage
		Usr 0 00:00:00, Sys 0 00:00:00  -  Total Remote Usage
		Usr 0 00:00:00, Sys 0 00:00:00  -  Total Local Usage
	0  -  Run Bytes Sent By Job
	0  -  Run Bytes Received By Job
	0  -  Total Bytes Sent By Job
	0  -  Total Bytes Received By Job
...
028 (16094815.000.000) 10/23 17:35:54 Job ad information event triggered.
JOB_GLIDEIN_ClusterId = "Unknown"
JOB_GLIDEIN_Schedd = "Unknown"
SentBytes = 0.0
TotalRemoteUsage = "Usr 0 00:00:00, Sys 0 00:00:00"
JOB_GLIDEIN_Name = "Unknown"
TerminatedNormally = true
JOB_Site = "Unknown"
JOB_GLIDEIN_Site = "Unknown"
TotalLocalUsage = "Usr 0 00:00:00, Sys 0 00:00:00"
EventTypeNumber = 28
TotalSentBytes = 0.0
EventTime = "2018-10-23T17:35:54"
Proc = 0
Subproc = 0
MyType = "JobTerminatedEvent"
TriggerEventTypeName = "ULOG_JOB_TERMINATED"
RunRemoteUsage = "Usr 0 00:00:00, Sys 0 00:00:00"
JOB_GLIDEIN_Entry_Name = "Unknown"
JOB_GLIDEIN_Factory = "Unknown"
JOB_GLIDEIN_ProcId = "Unknown"
Cluster = 16094815
ReceivedBytes = 0.0
TotalReceivedBytes = 0.0
ReturnValue = 0
RunLocalUsage = "Usr 0 00:00:00, Sys 0 00:00:00"
JOB_GLIDEIN_SiteWMS = "Unknown"
JOB_GLIDEIN_SiteWMS_Slot = "Unknown"
JOB_GLIDEIN_SiteWMS_JobId = "Unknown"
JOB_GLIDEIN_SiteWMS_Queue = "Unknown"
TriggerEventTypeNumber = 5
...
005 (16094814.000.000) 10/23 17:35:54 Job terminated.
	(1) Normal termination (return value 0)
		Usr 0 00:00:00, Sys 0 00:00:00  -  Run Remote Usage
		Usr 0 00:00:00, Sys 0 00:00:00  -  Run Local Usage
		Usr 0 00:00:00, Sys 0 00:00:00  -  Total Remote Usage
		Usr 0 00:00:00, Sys 0 00:00:00  -  Total Local Usage
	0  -  Run Bytes Sent By Job
	0  -  Run Bytes Received By Job
	0  -  Total Bytes Sent By Job
	0  -  Total Bytes Received By Job
...
028 (16094814.000.000) 10/23 17:35:54 Job ad information event triggered.
JOB_GLIDEIN_ClusterId = "Unknown"
JOB_GLIDEIN_Schedd = "Unknown"
SentBytes = 0.0
TotalRemoteUsage = "Usr 0 00:00:00, Sys 0 00:00:00"
JOB_GLIDEIN_Name = "Unknown"
TerminatedNormally = true
JOB_Site = "Unknown"
JOB_GLIDEIN_Site = "Unknown"
TotalLocalUsage = "Usr 0 00:00:00, Sys 0 00:00:00"
EventTypeNumber = 28
TotalSentBytes = 0.0
EventTime = "2018-10-23T17:35:54"
Proc = 0
Subproc = 0
MyType = "JobTerminatedEvent"
TriggerEventTypeName = "ULOG_JOB_TERMINATED"
RunRemoteUsage = "Usr 0 00:00:00, Sys 0 00:00:00"
JOB_GLIDEIN_Entry_Name = "Unknown"
JOB_GLIDEIN_Factory = "Unknown"
JOB_GLIDEIN_ProcId = "Unknown"
Cluster = 16094814
ReceivedBytes = 0.0
TotalReceivedBytes = 0.0
ReturnValue = 0
RunLocalUsage = "Usr 0 00:00:00, Sys 0 00:00:00"
JOB_GLIDEIN_SiteWMS = "Unknown"
JOB_GLIDEIN_SiteWMS_Slot = "Unknown"
JOB_GLIDEIN_SiteWMS_JobId = "Unknown"
JOB_GLIDEIN_SiteWMS_Queue = "Unknown"
TriggerEventTypeNumber = 5
...
001 (16094813.000.000) 10/23 17:35:55 Job executing on host: <128.230.146.18:9615?PrivAddr=%3c10.5.2.3:9615%3fsock%3d2967851_7f63_2603%3e&PrivNet=SU_ITS&addrs=128.230.146.18-9615+[--1]-9615&noUDP&sock=2967851_7f63_2603>
...
005 (16094813.000.000) 10/23 17:35:57 Job terminated.
	(1) Normal termination (return value 0)
		Usr 0 00:00:00, Sys 0 00:00:00  -  Run Remote Usage
		Usr 0 00:00:00, Sys 0 00:00:00  -  Run Local Usage
		Usr 0 00:00:00, Sys 0 00:00:00  -  Total Remote Usage
		Usr 0 00:00:00, Sys 0 00:00:00  -  Total Local Usage
	0  -  Run Bytes Sent By Job
	0  -  Run Bytes Received By Job
	0  -  Total Bytes Sent By Job
	0  -  Total Bytes Received By Job
...
028 (16094813.000.000) 10/23 17:35:57 Job ad information event triggered.
JOB_GLIDEIN_ClusterId = "Unknown"
JOB_GLIDEIN_Schedd = "Unknown"
SentBytes = 0.0
TotalRemoteUsage = "Usr 0 00:00:00, Sys 0 00:00:00"
JOB_GLIDEIN_Name = "Unknown"
TerminatedNormally = true
JOB_Site = "Unknown"
JOB_GLIDEIN_Site = "Unknown"
TotalLocalUsage = "Usr 0 00:00:00, Sys 0 00:00:00"
EventTypeNumber = 28
TotalSentBytes = 0.0
EventTime = "2018-10-23T17:35:57"
Proc = 0
Subproc = 0
MyType = "JobTerminatedEvent"
TriggerEventTypeName = "ULOG_JOB_TERMINATED"
RunRemoteUsage = "Usr 0 00:00:00, Sys 0 00:00:00"
JOB_GLIDEIN_Entry_Name = "Unknown"
JOB_GLIDEIN_Factory = "Unknown"
JOB_GLIDEIN_ProcId = "Unknown"
Cluster = 16094813
ReceivedBytes = 0.0
TotalReceivedBytes = 0.0
ReturnValue = 0
RunLocalUsage = "Usr 0 00:00:00, Sys 0 00:00:00"
JOB_GLIDEIN_SiteWMS = "Unknown"
JOB_GLIDEIN_SiteWMS_Slot = "Unknown"
JOB_GLIDEIN_SiteWMS_JobId = "Unknown"
JOB_GLIDEIN_SiteWMS_Queue = "Unknown"
TriggerEventTypeNumber = 5
...
000 (16094816.000.000) 10/23 17:36:22 Job submitted from host: <128.230.146.18:9615?PrivAddr=%3c10.5.2.3:9615%3fsock%3d2967851_7f63%3e&PrivNet=SU_ITS&addrs=128.230.146.18-9615+[--1]-9615&noUDP&sock=2967851_7f63>
    DAG Node: findrange_j3
    pool:condorpool
...
028 (16094816.000.000) 10/23 17:36:22 Job ad information event triggered.
TriggerEventTypeNumber = 0
JOB_GLIDEIN_SiteWMS_Queue = "$$(GLIDEIN_SiteWMS_Queue:Unknown)"
JOB_GLIDEIN_SiteWMS_JobId = "$$(GLIDEIN_SiteWMS_JobId:Unknown)"
JOB_GLIDEIN_SiteWMS_Slot = "$$(GLIDEIN_SiteWMS_Slot:Unknown)"
JOB_GLIDEIN_SiteWMS = "$$(GLIDEIN_SiteWMS:Unknown)"
JOB_GLIDEIN_Site = "$$(GLIDEIN_Site:Unknown)"
JOB_Site = "$$(GLIDEIN_Site:Unknown)"
JOB_GLIDEIN_ProcId = "$$(GLIDEIN_ProcId:Unknown)"
JOB_GLIDEIN_Factory = "$$(GLIDEIN_Factory:Unknown)"
JOB_GLIDEIN_Entry_Name = "$$(GLIDEIN_Entry_Name:Unknown)"
JOB_GLIDEIN_ClusterId = "$$(GLIDEIN_ClusterId:Unknown)"
JOB_GLIDEIN_Schedd = "$$(GLIDEIN_Schedd:Unknown)"
EventTypeNumber = 28
Subproc = 0
MyType = "SubmitEvent"
TriggerEventTypeName = "ULOG_SUBMIT"
Cluster = 16094816
Proc = 0
EventTime = "2018-10-23T17:36:22"
SubmitHost = "<128.230.146.18:9615?PrivAddr=%3c10.5.2.3:9615%3fsock%3d2967851_7f63%3e&PrivNet=SU_ITS&addrs=128.230.146.18-9615+[--1]-9615&noUDP&sock=2967851_7f63>"
LogNotes = "DAG Node: findrange_j3"
UserNotes = "pool:condorpool"
JOB_GLIDEIN_Name = "$$(GLIDEIN_Name:Unknown)"
...
000 (16094817.000.000) 10/23 17:36:22 Job submitted from host: <128.230.146.18:9615?PrivAddr=%3c10.5.2.3:9615%3fsock%3d2967851_7f63%3e&PrivNet=SU_ITS&addrs=128.230.146.18-9615+[--1]-9615&noUDP&sock=2967851_7f63>
    DAG Node: findrange_j2
    pool:condorpool
...
028 (16094817.000.000) 10/23 17:36:22 Job ad information event triggered.
TriggerEventTypeNumber = 0
JOB_GLIDEIN_SiteWMS_Queue = "$$(GLIDEIN_SiteWMS_Queue:Unknown)"
JOB_GLIDEIN_SiteWMS_JobId = "$$(GLIDEIN_SiteWMS_JobId:Unknown)"
JOB_GLIDEIN_SiteWMS_Slot = "$$(GLIDEIN_SiteWMS_Slot:Unknown)"
JOB_GLIDEIN_SiteWMS = "$$(GLIDEIN_SiteWMS:Unknown)"
JOB_GLIDEIN_Site = "$$(GLIDEIN_Site:Unknown)"
JOB_Site = "$$(GLIDEIN_Site:Unknown)"
JOB_GLIDEIN_ProcId = "$$(GLIDEIN_ProcId:Unknown)"
JOB_GLIDEIN_Factory = "$$(GLIDEIN_Factory:Unknown)"
JOB_GLIDEIN_Entry_Name = "$$(GLIDEIN_Entry_Name:Unknown)"
JOB_GLIDEIN_ClusterId = "$$(GLIDEIN_ClusterId:Unknown)"
JOB_GLIDEIN_Schedd = "$$(GLIDEIN_Schedd:Unknown)"
EventTypeNumber = 28
Subproc = 0
MyType = "SubmitEvent"
TriggerEventTypeName = "ULOG_SUBMIT"
Cluster = 16094817
Proc = 0
EventTime = "2018-10-23T17:36:22"
SubmitHost = "<128.230.146.18:9615?PrivAddr=%3c10.5.2.3:9615%3fsock%3d2967851_7f63%3e&PrivNet=SU_ITS&addrs=128.230.146.18-9615+[--1]-9615&noUDP&sock=2967851_7f63>"
LogNotes = "DAG Node: findrange_j2"
UserNotes = "pool:condorpool"
JOB_GLIDEIN_Name = "$$(GLIDEIN_Name:Unknown)"
...
001 (16094816.000.000) 10/23 17:37:40 Job executing on host: <10.5.213.80:9618?addrs=10.5.213.80-9618+[--1]-9618&noUDP&sock=2010_4573_3>
...
028 (16094816.000.000) 10/23 17:37:40 Job ad information event triggered.
JOB_GLIDEIN_Name = "Unknown"
JOB_Site = "Unknown"
JOB_GLIDEIN_Entry_Name = "Unknown"
EventTime = "2018-10-23T17:37:40"
TriggerEventTypeName = "ULOG_EXECUTE"
Proc = 0
Cluster = 16094816
JOB_GLIDEIN_Factory = "Unknown"
MyType = "ExecuteEvent"
ExecuteHost = "<10.5.213.80:9618?addrs=10.5.213.80-9618+[--1]-9618&noUDP&sock=2010_4573_3>"
JOB_GLIDEIN_Site = "Unknown"
Subproc = 0
EventTypeNumber = 28
JOB_GLIDEIN_Schedd = "Unknown"
JOB_GLIDEIN_ClusterId = "Unknown"
JOB_GLIDEIN_ProcId = "Unknown"
JOB_GLIDEIN_SiteWMS = "Unknown"
JOB_GLIDEIN_SiteWMS_Slot = "Unknown"
JOB_GLIDEIN_SiteWMS_JobId = "Unknown"
JOB_GLIDEIN_SiteWMS_Queue = "Unknown"
TriggerEventTypeNumber = 1
...
001 (16094817.000.000) 10/23 17:37:40 Job executing on host: <10.5.213.91:9618?addrs=10.5.213.91-9618+[--1]-9618&noUDP&sock=1877_0b5a_3>
...
028 (16094817.000.000) 10/23 17:37:40 Job ad information event triggered.
JOB_GLIDEIN_Name = "Unknown"
JOB_Site = "Unknown"
JOB_GLIDEIN_Entry_Name = "Unknown"
EventTime = "2018-10-23T17:37:40"
TriggerEventTypeName = "ULOG_EXECUTE"
Proc = 0
Cluster = 16094817
JOB_GLIDEIN_Factory = "Unknown"
MyType = "ExecuteEvent"
ExecuteHost = "<10.5.213.91:9618?addrs=10.5.213.91-9618+[--1]-9618&noUDP&sock=1877_0b5a_3>"
JOB_GLIDEIN_Site = "Unknown"
Subproc = 0
EventTypeNumber = 28
JOB_GLIDEIN_Schedd = "Unknown"
JOB_GLIDEIN_ClusterId = "Unknown"
JOB_GLIDEIN_ProcId = "Unknown"
JOB_GLIDEIN_SiteWMS = "Unknown"
JOB_GLIDEIN_SiteWMS_Slot = "Unknown"
JOB_GLIDEIN_SiteWMS_JobId = "Unknown"
JOB_GLIDEIN_SiteWMS_Queue = "Unknown"
TriggerEventTypeNumber = 1
...
006 (16094817.000.000) 10/23 17:37:48 Image size of job updated: 2476
	2  -  MemoryUsage of job (MB)
	1564  -  ResidentSetSize of job (KB)
...
028 (16094817.000.000) 10/23 17:37:48 Job ad information event triggered.
TriggerEventTypeNumber = 6
JOB_GLIDEIN_SiteWMS_Queue = "Unknown"
JOB_GLIDEIN_SiteWMS_JobId = "Unknown"
Size = 2476
JOB_GLIDEIN_SiteWMS_Slot = "Unknown"
JOB_GLIDEIN_SiteWMS = "Unknown"
JOB_GLIDEIN_Site = "Unknown"
JOB_Site = "Unknown"
JOB_GLIDEIN_ProcId = "Unknown"
JOB_GLIDEIN_Entry_Name = "Unknown"
JOB_GLIDEIN_Factory = "Unknown"
JOB_GLIDEIN_ClusterId = "Unknown"
JOB_GLIDEIN_Schedd = "Unknown"
EventTypeNumber = 28
MyType = "JobImageSizeEvent"
TriggerEventTypeName = "ULOG_IMAGE_SIZE"
EventTime = "2018-10-23T17:37:48"
Proc = 0
Cluster = 16094817
MemoryUsage = 2
Subproc = 0
ResidentSetSize = 1564
JOB_GLIDEIN_Name = "Unknown"
...
006 (16094816.000.000) 10/23 17:37:48 Image size of job updated: 2560
	2  -  MemoryUsage of job (MB)
	1440  -  ResidentSetSize of job (KB)
...
028 (16094816.000.000) 10/23 17:37:48 Job ad information event triggered.
TriggerEventTypeNumber = 6
JOB_GLIDEIN_SiteWMS_Queue = "Unknown"
JOB_GLIDEIN_SiteWMS_JobId = "Unknown"
Size = 2560
JOB_GLIDEIN_SiteWMS_Slot = "Unknown"
JOB_GLIDEIN_SiteWMS = "Unknown"
JOB_GLIDEIN_Site = "Unknown"
JOB_Site = "Unknown"
JOB_GLIDEIN_ProcId = "Unknown"
JOB_GLIDEIN_Entry_Name = "Unknown"
JOB_GLIDEIN_Factory = "Unknown"
JOB_GLIDEIN_ClusterId = "Unknown"
JOB_GLIDEIN_Schedd = "Unknown"
EventTypeNumber = 28
MyType = "JobImageSizeEvent"
TriggerEventTypeName = "ULOG_IMAGE_SIZE"
EventTime = "2018-10-23T17:37:48"
Proc = 0
Cluster = 16094816
MemoryUsage = 2
Subproc = 0
ResidentSetSize = 1440
JOB_GLIDEIN_Name = "Unknown"
...
006 (16094817.000.000) 10/23 17:39:00 Image size of job updated: 9540
	2  -  MemoryUsage of job (MB)
	1592  -  ResidentSetSize of job (KB)
...
028 (16094817.000.000) 10/23 17:39:00 Job ad information event triggered.
TriggerEventTypeNumber = 6
JOB_GLIDEIN_SiteWMS_Queue = "Unknown"
JOB_GLIDEIN_SiteWMS_JobId = "Unknown"
Size = 9540
JOB_GLIDEIN_SiteWMS_Slot = "Unknown"
JOB_GLIDEIN_SiteWMS = "Unknown"
JOB_GLIDEIN_Site = "Unknown"
JOB_Site = "Unknown"
JOB_GLIDEIN_ProcId = "Unknown"
JOB_GLIDEIN_Entry_Name = "Unknown"
JOB_GLIDEIN_Factory = "Unknown"
JOB_GLIDEIN_ClusterId = "Unknown"
JOB_GLIDEIN_Schedd = "Unknown"
EventTypeNumber = 28
MyType = "JobImageSizeEvent"
TriggerEventTypeName = "ULOG_IMAGE_SIZE"
EventTime = "2018-10-23T17:39:00"
Proc = 0
Cluster = 16094817
MemoryUsage = 2
Subproc = 0
ResidentSetSize = 1592
JOB_GLIDEIN_Name = "Unknown"
...
006 (16094816.000.000) 10/23 17:39:01 Image size of job updated: 9548
	2  -  MemoryUsage of job (MB)
	1440  -  ResidentSetSize of job (KB)
...
028 (16094816.000.000) 10/23 17:39:01 Job ad information event triggered.
TriggerEventTypeNumber = 6
JOB_GLIDEIN_SiteWMS_Queue = "Unknown"
JOB_GLIDEIN_SiteWMS_JobId = "Unknown"
Size = 9548
JOB_GLIDEIN_SiteWMS_Slot = "Unknown"
JOB_GLIDEIN_SiteWMS = "Unknown"
JOB_GLIDEIN_Site = "Unknown"
JOB_Site = "Unknown"
JOB_GLIDEIN_ProcId = "Unknown"
JOB_GLIDEIN_Entry_Name = "Unknown"
JOB_GLIDEIN_Factory = "Unknown"
JOB_GLIDEIN_ClusterId = "Unknown"
JOB_GLIDEIN_Schedd = "Unknown"
EventTypeNumber = 28
MyType = "JobImageSizeEvent"
TriggerEventTypeName = "ULOG_IMAGE_SIZE"
EventTime = "2018-10-23T17:39:01"
Proc = 0
Cluster = 16094816
MemoryUsage = 2
Subproc = 0
ResidentSetSize = 1440
JOB_GLIDEIN_Name = "Unknown"
...
005 (16094817.000.000) 10/23 17:39:01 Job terminated.
	(1) Normal termination (return value 0)
		Usr 0 00:00:46, Sys 0 00:00:16  -  Run Remote Usage
		Usr 0 00:00:00, Sys 0 00:00:00  -  Run Local Usage
		Usr 0 00:00:46, Sys 0 00:00:16  -  Total Remote Usage
		Usr 0 00:00:00, Sys 0 00:00:00  -  Total Local Usage
	9973  -  Run Bytes Sent By Job
	10704199  -  Run Bytes Received By Job
	9973  -  Total Bytes Sent By Job
	10704199  -  Total Bytes Received By Job
	Partitionable Resources :    Usage  Request Allocated
	   Cpus                 :                 1         1
	   Disk (KB)            :    44599        1   1859328
	   Memory (MB)          :        2     1024      1024
...
028 (16094817.000.000) 10/23 17:39:01 Job ad information event triggered.
JOB_GLIDEIN_ClusterId = "Unknown"
JOB_GLIDEIN_Schedd = "Unknown"
SentBytes = 9973.0
TotalRemoteUsage = "Usr 0 00:00:46, Sys 0 00:00:16"
JOB_GLIDEIN_Name = "Unknown"
TerminatedNormally = true
JOB_Site = "Unknown"
JOB_GLIDEIN_Site = "Unknown"
TotalLocalUsage = "Usr 0 00:00:00, Sys 0 00:00:00"
EventTypeNumber = 28
TotalSentBytes = 9973.0
EventTime = "2018-10-23T17:39:01"
Proc = 0
Subproc = 0
MyType = "JobTerminatedEvent"
TriggerEventTypeName = "ULOG_JOB_TERMINATED"
RunRemoteUsage = "Usr 0 00:00:46, Sys 0 00:00:16"
JOB_GLIDEIN_Entry_Name = "Unknown"
JOB_GLIDEIN_Factory = "Unknown"
JOB_GLIDEIN_ProcId = "Unknown"
Cluster = 16094817
ReceivedBytes = 10704199.0
TotalReceivedBytes = 10704199.0
ReturnValue = 0
RunLocalUsage = "Usr 0 00:00:00, Sys 0 00:00:00"
JOB_GLIDEIN_SiteWMS = "Unknown"
JOB_GLIDEIN_SiteWMS_Slot = "Unknown"
JOB_GLIDEIN_SiteWMS_JobId = "Unknown"
JOB_GLIDEIN_SiteWMS_Queue = "Unknown"
TriggerEventTypeNumber = 5
...
005 (16094816.000.000) 10/23 17:39:01 Job terminated.
	(1) Normal termination (return value 0)
		Usr 0 00:00:47, Sys 0 00:00:15  -  Run Remote Usage
		Usr 0 00:00:00, Sys 0 00:00:00  -  Run Local Usage
		Usr 0 00:00:47, Sys 0 00:00:15  -  Total Remote Usage
		Usr 0 00:00:00, Sys 0 00:00:00  -  Total Local Usage
	9973  -  Run Bytes Sent By Job
	10704199  -  Run Bytes Received By Job
	9973  -  Total Bytes Sent By Job
	10704199  -  Total Bytes Received By Job
	Partitionable Resources :    Usage  Request Allocated
	   Cpus                 :                 1         1
	   Disk (KB)            :    44599        1   1859328
	   Memory (MB)          :        2     1024      1024
...
028 (16094816.000.000) 10/23 17:39:01 Job ad information event triggered.
JOB_GLIDEIN_ClusterId = "Unknown"
JOB_GLIDEIN_Schedd = "Unknown"
SentBytes = 9973.0
TotalRemoteUsage = "Usr 0 00:00:47, Sys 0 00:00:15"
JOB_GLIDEIN_Name = "Unknown"
TerminatedNormally = true
JOB_Site = "Unknown"
JOB_GLIDEIN_Site = "Unknown"
TotalLocalUsage = "Usr 0 00:00:00, Sys 0 00:00:00"
EventTypeNumber = 28
TotalSentBytes = 9973.0
EventTime = "2018-10-23T17:39:01"
Proc = 0
Subproc = 0
MyType = "JobTerminatedEvent"
TriggerEventTypeName = "ULOG_JOB_TERMINATED"
RunRemoteUsage = "Usr 0 00:00:47, Sys 0 00:00:15"
JOB_GLIDEIN_Entry_Name = "Unknown"
JOB_GLIDEIN_Factory = "Unknown"
JOB_GLIDEIN_ProcId = "Unknown"
Cluster = 16094816
ReceivedBytes = 10704199.0
TotalReceivedBytes = 10704199.0
ReturnValue = 0
RunLocalUsage = "Usr 0 00:00:00, Sys 0 00:00:00"
JOB_GLIDEIN_SiteWMS = "Unknown"
JOB_GLIDEIN_SiteWMS_Slot = "Unknown"
JOB_GLIDEIN_SiteWMS_JobId = "Unknown"
JOB_GLIDEIN_SiteWMS_Queue = "Unknown"
TriggerEventTypeNumber = 5
...
000 (16094818.000.000) 10/23 17:39:22 Job submitted from host: <128.230.146.18:9615?PrivAddr=%3c10.5.2.3:9615%3fsock%3d2967851_7f63%3e&PrivNet=SU_ITS&addrs=128.230.146.18-9615+[--1]-9615&noUDP&sock=2967851_7f63>
    DAG Node: clean_up_local_level_4_0
    pool:local
...
028 (16094818.000.000) 10/23 17:39:22 Job ad information event triggered.
TriggerEventTypeNumber = 0
JOB_GLIDEIN_SiteWMS_Queue = "$$(GLIDEIN_SiteWMS_Queue:Unknown)"
JOB_GLIDEIN_SiteWMS_JobId = "$$(GLIDEIN_SiteWMS_JobId:Unknown)"
JOB_GLIDEIN_SiteWMS_Slot = "$$(GLIDEIN_SiteWMS_Slot:Unknown)"
JOB_GLIDEIN_SiteWMS = "$$(GLIDEIN_SiteWMS:Unknown)"
JOB_GLIDEIN_Site = "$$(GLIDEIN_Site:Unknown)"
JOB_Site = "$$(GLIDEIN_Site:Unknown)"
JOB_GLIDEIN_ProcId = "$$(GLIDEIN_ProcId:Unknown)"
JOB_GLIDEIN_Factory = "$$(GLIDEIN_Factory:Unknown)"
JOB_GLIDEIN_Entry_Name = "$$(GLIDEIN_Entry_Name:Unknown)"
JOB_GLIDEIN_ClusterId = "$$(GLIDEIN_ClusterId:Unknown)"
JOB_GLIDEIN_Schedd = "$$(GLIDEIN_Schedd:Unknown)"
EventTypeNumber = 28
Subproc = 0
MyType = "SubmitEvent"
TriggerEventTypeName = "ULOG_SUBMIT"
Cluster = 16094818
Proc = 0
EventTime = "2018-10-23T17:39:22"
SubmitHost = "<128.230.146.18:9615?PrivAddr=%3c10.5.2.3:9615%3fsock%3d2967851_7f63%3e&PrivNet=SU_ITS&addrs=128.230.146.18-9615+[--1]-9615&noUDP&sock=2967851_7f63>"
LogNotes = "DAG Node: clean_up_local_level_4_0"
UserNotes = "pool:local"
JOB_GLIDEIN_Name = "$$(GLIDEIN_Name:Unknown)"
...
000 (16094819.000.000) 10/23 17:39:22 Job submitted from host: <128.230.146.18:9615?PrivAddr=%3c10.5.2.3:9615%3fsock%3d2967851_7f63%3e&PrivNet=SU_ITS&addrs=128.230.146.18-9615+[--1]-9615&noUDP&sock=2967851_7f63>
    DAG Node: stage_out_local_local_1_0
    pool:local
...
028 (16094819.000.000) 10/23 17:39:22 Job ad information event triggered.
TriggerEventTypeNumber = 0
JOB_GLIDEIN_SiteWMS_Queue = "$$(GLIDEIN_SiteWMS_Queue:Unknown)"
JOB_GLIDEIN_SiteWMS_JobId = "$$(GLIDEIN_SiteWMS_JobId:Unknown)"
JOB_GLIDEIN_SiteWMS_Slot = "$$(GLIDEIN_SiteWMS_Slot:Unknown)"
JOB_GLIDEIN_SiteWMS = "$$(GLIDEIN_SiteWMS:Unknown)"
JOB_GLIDEIN_Site = "$$(GLIDEIN_Site:Unknown)"
JOB_Site = "$$(GLIDEIN_Site:Unknown)"
JOB_GLIDEIN_ProcId = "$$(GLIDEIN_ProcId:Unknown)"
JOB_GLIDEIN_Factory = "$$(GLIDEIN_Factory:Unknown)"
JOB_GLIDEIN_Entry_Name = "$$(GLIDEIN_Entry_Name:Unknown)"
JOB_GLIDEIN_ClusterId = "$$(GLIDEIN_ClusterId:Unknown)"
JOB_GLIDEIN_Schedd = "$$(GLIDEIN_Schedd:Unknown)"
EventTypeNumber = 28
Subproc = 0
MyType = "SubmitEvent"
TriggerEventTypeName = "ULOG_SUBMIT"
Cluster = 16094819
Proc = 0
EventTime = "2018-10-23T17:39:22"
SubmitHost = "<128.230.146.18:9615?PrivAddr=%3c10.5.2.3:9615%3fsock%3d2967851_7f63%3e&PrivNet=SU_ITS&addrs=128.230.146.18-9615+[--1]-9615&noUDP&sock=2967851_7f63>"
LogNotes = "DAG Node: stage_out_local_local_1_0"
UserNotes = "pool:local"
JOB_GLIDEIN_Name = "$$(GLIDEIN_Name:Unknown)"
...
000 (16094820.000.000) 10/23 17:39:22 Job submitted from host: <128.230.146.18:9615?PrivAddr=%3c10.5.2.3:9615%3fsock%3d2967851_7f63%3e&PrivNet=SU_ITS&addrs=128.230.146.18-9615+[--1]-9615&noUDP&sock=2967851_7f63>
    DAG Node: analyze_j4
    pool:local
...
028 (16094820.000.000) 10/23 17:39:22 Job ad information event triggered.
TriggerEventTypeNumber = 0
JOB_GLIDEIN_SiteWMS_Queue = "$$(GLIDEIN_SiteWMS_Queue:Unknown)"
JOB_GLIDEIN_SiteWMS_JobId = "$$(GLIDEIN_SiteWMS_JobId:Unknown)"
JOB_GLIDEIN_SiteWMS_Slot = "$$(GLIDEIN_SiteWMS_Slot:Unknown)"
JOB_GLIDEIN_SiteWMS = "$$(GLIDEIN_SiteWMS:Unknown)"
JOB_GLIDEIN_Site = "$$(GLIDEIN_Site:Unknown)"
JOB_Site = "$$(GLIDEIN_Site:Unknown)"
JOB_GLIDEIN_ProcId = "$$(GLIDEIN_ProcId:Unknown)"
JOB_GLIDEIN_Factory = "$$(GLIDEIN_Factory:Unknown)"
JOB_GLIDEIN_Entry_Name = "$$(GLIDEIN_Entry_Name:Unknown)"
JOB_GLIDEIN_ClusterId = "$$(GLIDEIN_ClusterId:Unknown)"
JOB_GLIDEIN_Schedd = "$$(GLIDEIN_Schedd:Unknown)"
EventTypeNumber = 28
Subproc = 0
MyType = "SubmitEvent"
TriggerEventTypeName = "ULOG_SUBMIT"
Cluster = 16094820
Proc = 0
EventTime = "2018-10-23T17:39:22"
SubmitHost = "<128.230.146.18:9615?PrivAddr=%3c10.5.2.3:9615%3fsock%3d2967851_7f63%3e&PrivNet=SU_ITS&addrs=128.230.146.18-9615+[--1]-9615&noUDP&sock=2967851_7f63>"
LogNotes = "DAG Node: analyze_j4"
UserNotes = "pool:local"
JOB_GLIDEIN_Name = "$$(GLIDEIN_Name:Unknown)"
...
001 (16094820.000.000) 10/23 17:40:28 Job executing on host: <128.230.146.18:9615?PrivAddr=%3c10.5.2.3:9615%3fsock%3d2967851_7f63_2608%3e&PrivNet=SU_ITS&addrs=128.230.146.18-9615+[--1]-9615&noUDP&sock=2967851_7f63_2608>
...
001 (16094818.000.000) 10/23 17:40:28 Job executing on host: <128.230.146.18:9615?PrivAddr=%3c10.5.2.3:9615%3fsock%3d2967851_7f63_2609%3e&PrivNet=SU_ITS&addrs=128.230.146.18-9615+[--1]-9615&noUDP&sock=2967851_7f63_2609>
...
001 (16094819.000.000) 10/23 17:40:33 Job executing on host: <128.230.146.18:9615?PrivAddr=%3c10.5.2.3:9615%3fsock%3d2967851_7f63_2607%3e&PrivNet=SU_ITS&addrs=128.230.146.18-9615+[--1]-9615&noUDP&sock=2967851_7f63_2607>
...
005 (16094818.000.000) 10/23 17:40:34 Job terminated.
	(1) Normal termination (return value 0)
		Usr 0 00:00:00, Sys 0 00:00:00  -  Run Remote Usage
		Usr 0 00:00:00, Sys 0 00:00:00  -  Run Local Usage
		Usr 0 00:00:00, Sys 0 00:00:00  -  Total Remote Usage
		Usr 0 00:00:00, Sys 0 00:00:00  -  Total Local Usage
	0  -  Run Bytes Sent By Job
	0  -  Run Bytes Received By Job
	0  -  Total Bytes Sent By Job
	0  -  Total Bytes Received By Job
...
028 (16094818.000.000) 10/23 17:40:34 Job ad information event triggered.
JOB_GLIDEIN_ClusterId = "Unknown"
JOB_GLIDEIN_Schedd = "Unknown"
SentBytes = 0.0
TotalRemoteUsage = "Usr 0 00:00:00, Sys 0 00:00:00"
JOB_GLIDEIN_Name = "Unknown"
TerminatedNormally = true
JOB_Site = "Unknown"
JOB_GLIDEIN_Site = "Unknown"
TotalLocalUsage = "Usr 0 00:00:00, Sys 0 00:00:00"
EventTypeNumber = 28
TotalSentBytes = 0.0
EventTime = "2018-10-23T17:40:34"
Proc = 0
Subproc = 0
MyType = "JobTerminatedEvent"
TriggerEventTypeName = "ULOG_JOB_TERMINATED"
RunRemoteUsage = "Usr 0 00:00:00, Sys 0 00:00:00"
JOB_GLIDEIN_Entry_Name = "Unknown"
JOB_GLIDEIN_Factory = "Unknown"
JOB_GLIDEIN_ProcId = "Unknown"
Cluster = 16094818
ReceivedBytes = 0.0
TotalReceivedBytes = 0.0
ReturnValue = 0
RunLocalUsage = "Usr 0 00:00:00, Sys 0 00:00:00"
JOB_GLIDEIN_SiteWMS = "Unknown"
JOB_GLIDEIN_SiteWMS_Slot = "Unknown"
JOB_GLIDEIN_SiteWMS_JobId = "Unknown"
JOB_GLIDEIN_SiteWMS_Queue = "Unknown"
TriggerEventTypeNumber = 5
...
005 (16094819.000.000) 10/23 17:40:37 Job terminated.
	(1) Normal termination (return value 0)
		Usr 0 00:00:00, Sys 0 00:00:00  -  Run Remote Usage
		Usr 0 00:00:00, Sys 0 00:00:00  -  Run Local Usage
		Usr 0 00:00:00, Sys 0 00:00:00  -  Total Remote Usage
		Usr 0 00:00:00, Sys 0 00:00:00  -  Total Local Usage
	0  -  Run Bytes Sent By Job
	0  -  Run Bytes Received By Job
	0  -  Total Bytes Sent By Job
	0  -  Total Bytes Received By Job
...
028 (16094819.000.000) 10/23 17:40:37 Job ad information event triggered.
JOB_GLIDEIN_ClusterId = "Unknown"
JOB_GLIDEIN_Schedd = "Unknown"
SentBytes = 0.0
TotalRemoteUsage = "Usr 0 00:00:00, Sys 0 00:00:00"
JOB_GLIDEIN_Name = "Unknown"
TerminatedNormally = true
JOB_Site = "Unknown"
JOB_GLIDEIN_Site = "Unknown"
TotalLocalUsage = "Usr 0 00:00:00, Sys 0 00:00:00"
EventTypeNumber = 28
TotalSentBytes = 0.0
EventTime = "2018-10-23T17:40:37"
Proc = 0
Subproc = 0
MyType = "JobTerminatedEvent"
TriggerEventTypeName = "ULOG_JOB_TERMINATED"
RunRemoteUsage = "Usr 0 00:00:00, Sys 0 00:00:00"
JOB_GLIDEIN_Entry_Name = "Unknown"
JOB_GLIDEIN_Factory = "Unknown"
JOB_GLIDEIN_ProcId = "Unknown"
Cluster = 16094819
ReceivedBytes = 0.0
TotalReceivedBytes = 0.0
ReturnValue = 0
RunLocalUsage = "Usr 0 00:00:00, Sys 0 00:00:00"
JOB_GLIDEIN_SiteWMS = "Unknown"
JOB_GLIDEIN_SiteWMS_Slot = "Unknown"
JOB_GLIDEIN_SiteWMS_JobId = "Unknown"
JOB_GLIDEIN_SiteWMS_Queue = "Unknown"
TriggerEventTypeNumber = 5
...
005 (16094820.000.000) 10/23 17:41:33 Job terminated.
	(1) Normal termination (return value 0)
		Usr 0 00:00:00, Sys 0 00:00:00  -  Run Remote Usage
		Usr 0 00:00:57, Sys 0 00:00:00  -  Run Local Usage
		Usr 0 00:00:00, Sys 0 00:00:00  -  Total Remote Usage
		Usr 0 00:00:00, Sys 0 00:00:00  -  Total Local Usage
	0  -  Run Bytes Sent By Job
	0  -  Run Bytes Received By Job
	0  -  Total Bytes Sent By Job
	0  -  Total Bytes Received By Job
...
028 (16094820.000.000) 10/23 17:41:33 Job ad information event triggered.
JOB_GLIDEIN_ClusterId = "Unknown"
JOB_GLIDEIN_Schedd = "Unknown"
SentBytes = 0.0
TotalRemoteUsage = "Usr 0 00:00:00, Sys 0 00:00:00"
JOB_GLIDEIN_Name = "Unknown"
TerminatedNormally = true
JOB_Site = "Unknown"
JOB_GLIDEIN_Site = "Unknown"
TotalLocalUsage = "Usr 0 00:00:00, Sys 0 00:00:00"
EventTypeNumber = 28
TotalSentBytes = 0.0
EventTime = "2018-10-23T17:41:33"
Proc = 0
Subproc = 0
MyType = "JobTerminatedEvent"
TriggerEventTypeName = "ULOG_JOB_TERMINATED"
RunRemoteUsage = "Usr 0 00:00:00, Sys 0 00:00:00"
JOB_GLIDEIN_Entry_Name = "Unknown"
JOB_GLIDEIN_Factory = "Unknown"
JOB_GLIDEIN_ProcId = "Unknown"
Cluster = 16094820
ReceivedBytes = 0.0
TotalReceivedBytes = 0.0
ReturnValue = 0
RunLocalUsage = "Usr 0 00:00:57, Sys 0 00:00:00"
JOB_GLIDEIN_SiteWMS = "Unknown"
JOB_GLIDEIN_SiteWMS_Slot = "Unknown"
JOB_GLIDEIN_SiteWMS_JobId = "Unknown"
JOB_GLIDEIN_SiteWMS_Queue = "Unknown"
TriggerEventTypeNumber = 5
...
000 (16094821.000.000) 10/23 17:42:03 Job submitted from host: <128.230.146.18:9615?PrivAddr=%3c10.5.2.3:9615%3fsock%3d2967851_7f63%3e&PrivNet=SU_ITS&addrs=128.230.146.18-9615+[--1]-9615&noUDP&sock=2967851_7f63>
    DAG Node: clean_up_local_level_5_0
    pool:local
...
028 (16094821.000.000) 10/23 17:42:03 Job ad information event triggered.
TriggerEventTypeNumber = 0
JOB_GLIDEIN_SiteWMS_Queue = "$$(GLIDEIN_SiteWMS_Queue:Unknown)"
JOB_GLIDEIN_SiteWMS_JobId = "$$(GLIDEIN_SiteWMS_JobId:Unknown)"
JOB_GLIDEIN_SiteWMS_Slot = "$$(GLIDEIN_SiteWMS_Slot:Unknown)"
JOB_GLIDEIN_SiteWMS = "$$(GLIDEIN_SiteWMS:Unknown)"
JOB_GLIDEIN_Site = "$$(GLIDEIN_Site:Unknown)"
JOB_Site = "$$(GLIDEIN_Site:Unknown)"
JOB_GLIDEIN_ProcId = "$$(GLIDEIN_ProcId:Unknown)"
JOB_GLIDEIN_Factory = "$$(GLIDEIN_Factory:Unknown)"
JOB_GLIDEIN_Entry_Name = "$$(GLIDEIN_Entry_Name:Unknown)"
JOB_GLIDEIN_ClusterId = "$$(GLIDEIN_ClusterId:Unknown)"
JOB_GLIDEIN_Schedd = "$$(GLIDEIN_Schedd:Unknown)"
EventTypeNumber = 28
Subproc = 0
MyType = "SubmitEvent"
TriggerEventTypeName = "ULOG_SUBMIT"
Cluster = 16094821
Proc = 0
EventTime = "2018-10-23T17:42:03"
SubmitHost = "<128.230.146.18:9615?PrivAddr=%3c10.5.2.3:9615%3fsock%3d2967851_7f63%3e&PrivNet=SU_ITS&addrs=128.230.146.18-9615+[--1]-9615&noUDP&sock=2967851_7f63>"
LogNotes = "DAG Node: clean_up_local_level_5_0"
UserNotes = "pool:local"
JOB_GLIDEIN_Name = "$$(GLIDEIN_Name:Unknown)"
...
000 (16094822.000.000) 10/23 17:42:03 Job submitted from host: <128.230.146.18:9615?PrivAddr=%3c10.5.2.3:9615%3fsock%3d2967851_7f63%3e&PrivNet=SU_ITS&addrs=128.230.146.18-9615+[--1]-9615&noUDP&sock=2967851_7f63>
    DAG Node: stage_out_local_local_2_0
    pool:local
...
028 (16094822.000.000) 10/23 17:42:03 Job ad information event triggered.
TriggerEventTypeNumber = 0
JOB_GLIDEIN_SiteWMS_Queue = "$$(GLIDEIN_SiteWMS_Queue:Unknown)"
JOB_GLIDEIN_SiteWMS_JobId = "$$(GLIDEIN_SiteWMS_JobId:Unknown)"
JOB_GLIDEIN_SiteWMS_Slot = "$$(GLIDEIN_SiteWMS_Slot:Unknown)"
JOB_GLIDEIN_SiteWMS = "$$(GLIDEIN_SiteWMS:Unknown)"
JOB_GLIDEIN_Site = "$$(GLIDEIN_Site:Unknown)"
JOB_Site = "$$(GLIDEIN_Site:Unknown)"
JOB_GLIDEIN_ProcId = "$$(GLIDEIN_ProcId:Unknown)"
JOB_GLIDEIN_Factory = "$$(GLIDEIN_Factory:Unknown)"
JOB_GLIDEIN_Entry_Name = "$$(GLIDEIN_Entry_Name:Unknown)"
JOB_GLIDEIN_ClusterId = "$$(GLIDEIN_ClusterId:Unknown)"
JOB_GLIDEIN_Schedd = "$$(GLIDEIN_Schedd:Unknown)"
EventTypeNumber = 28
Subproc = 0
MyType = "SubmitEvent"
TriggerEventTypeName = "ULOG_SUBMIT"
Cluster = 16094822
Proc = 0
EventTime = "2018-10-23T17:42:03"
SubmitHost = "<128.230.146.18:9615?PrivAddr=%3c10.5.2.3:9615%3fsock%3d2967851_7f63%3e&PrivNet=SU_ITS&addrs=128.230.146.18-9615+[--1]-9615&noUDP&sock=2967851_7f63>"
LogNotes = "DAG Node: stage_out_local_local_2_0"
UserNotes = "pool:local"
JOB_GLIDEIN_Name = "$$(GLIDEIN_Name:Unknown)"
...
001 (16094821.000.000) 10/23 17:42:56 Job executing on host: <128.230.146.18:9615?PrivAddr=%3c10.5.2.3:9615%3fsock%3d2967851_7f63_2610%3e&PrivNet=SU_ITS&addrs=128.230.146.18-9615+[--1]-9615&noUDP&sock=2967851_7f63_2610>
...
001 (16094822.000.000) 10/23 17:42:56 Job executing on host: <128.230.146.18:9615?PrivAddr=%3c10.5.2.3:9615%3fsock%3d2967851_7f63_2611%3e&PrivNet=SU_ITS&addrs=128.230.146.18-9615+[--1]-9615&noUDP&sock=2967851_7f63_2611>
...
005 (16094822.000.000) 10/23 17:42:59 Job terminated.
	(1) Normal termination (return value 0)
		Usr 0 00:00:00, Sys 0 00:00:00  -  Run Remote Usage
		Usr 0 00:00:00, Sys 0 00:00:00  -  Run Local Usage
		Usr 0 00:00:00, Sys 0 00:00:00  -  Total Remote Usage
		Usr 0 00:00:00, Sys 0 00:00:00  -  Total Local Usage
	0  -  Run Bytes Sent By Job
	0  -  Run Bytes Received By Job
	0  -  Total Bytes Sent By Job
	0  -  Total Bytes Received By Job
...
028 (16094822.000.000) 10/23 17:42:59 Job ad information event triggered.
JOB_GLIDEIN_ClusterId = "Unknown"
JOB_GLIDEIN_Schedd = "Unknown"
SentBytes = 0.0
TotalRemoteUsage = "Usr 0 00:00:00, Sys 0 00:00:00"
JOB_GLIDEIN_Name = "Unknown"
TerminatedNormally = true
JOB_Site = "Unknown"
JOB_GLIDEIN_Site = "Unknown"
TotalLocalUsage = "Usr 0 00:00:00, Sys 0 00:00:00"
EventTypeNumber = 28
TotalSentBytes = 0.0
EventTime = "2018-10-23T17:42:59"
Proc = 0
Subproc = 0
MyType = "JobTerminatedEvent"
TriggerEventTypeName = "ULOG_JOB_TERMINATED"
RunRemoteUsage = "Usr 0 00:00:00, Sys 0 00:00:00"
JOB_GLIDEIN_Entry_Name = "Unknown"
JOB_GLIDEIN_Factory = "Unknown"
JOB_GLIDEIN_ProcId = "Unknown"
Cluster = 16094822
ReceivedBytes = 0.0
TotalReceivedBytes = 0.0
ReturnValue = 0
RunLocalUsage = "Usr 0 00:00:00, Sys 0 00:00:00"
JOB_GLIDEIN_SiteWMS = "Unknown"
JOB_GLIDEIN_SiteWMS_Slot = "Unknown"
JOB_GLIDEIN_SiteWMS_JobId = "Unknown"
JOB_GLIDEIN_SiteWMS_Queue = "Unknown"
TriggerEventTypeNumber = 5
...
005 (16094821.000.000) 10/23 17:43:00 Job terminated.
	(1) Normal termination (return value 0)
		Usr 0 00:00:00, Sys 0 00:00:00  -  Run Remote Usage
		Usr 0 00:00:00, Sys 0 00:00:00  -  Run Local Usage
		Usr 0 00:00:00, Sys 0 00:00:00  -  Total Remote Usage
		Usr 0 00:00:00, Sys 0 00:00:00  -  Total Local Usage
	0  -  Run Bytes Sent By Job
	0  -  Run Bytes Received By Job
	0  -  Total Bytes Sent By Job
	0  -  Total Bytes Received By Job
...
028 (16094821.000.000) 10/23 17:43:00 Job ad information event triggered.
JOB_GLIDEIN_ClusterId = "Unknown"
JOB_GLIDEIN_Schedd = "Unknown"
SentBytes = 0.0
TotalRemoteUsage = "Usr 0 00:00:00, Sys 0 00:00:00"
JOB_GLIDEIN_Name = "Unknown"
TerminatedNormally = true
JOB_Site = "Unknown"
JOB_GLIDEIN_Site = "Unknown"
TotalLocalUsage = "Usr 0 00:00:00, Sys 0 00:00:00"
EventTypeNumber = 28
TotalSentBytes = 0.0
EventTime = "2018-10-23T17:43:00"
Proc = 0
Subproc = 0
MyType = "JobTerminatedEvent"
TriggerEventTypeName = "ULOG_JOB_TERMINATED"
RunRemoteUsage = "Usr 0 00:00:00, Sys 0 00:00:00"
JOB_GLIDEIN_Entry_Name = "Unknown"
JOB_GLIDEIN_Factory = "Unknown"
JOB_GLIDEIN_ProcId = "Unknown"
Cluster = 16094821
ReceivedBytes = 0.0
TotalReceivedBytes = 0.0
ReturnValue = 0
RunLocalUsage = "Usr 0 00:00:00, Sys 0 00:00:00"
JOB_GLIDEIN_SiteWMS = "Unknown"
JOB_GLIDEIN_SiteWMS_Slot = "Unknown"
JOB_GLIDEIN_SiteWMS_JobId = "Unknown"
JOB_GLIDEIN_SiteWMS_Queue = "Unknown"
TriggerEventTypeNumber = 5
...
000 (16094823.000.000) 10/23 17:43:23 Job submitted from host: <128.230.146.18:9615?PrivAddr=%3c10.5.2.3:9615%3fsock%3d2967851_7f63%3e&PrivNet=SU_ITS&addrs=128.230.146.18-9615+[--1]-9615&noUDP&sock=2967851_7f63>
    DAG Node: clean_up_local_level_6_0
    pool:local
...
028 (16094823.000.000) 10/23 17:43:23 Job ad information event triggered.
TriggerEventTypeNumber = 0
JOB_GLIDEIN_SiteWMS_Queue = "$$(GLIDEIN_SiteWMS_Queue:Unknown)"
JOB_GLIDEIN_SiteWMS_JobId = "$$(GLIDEIN_SiteWMS_JobId:Unknown)"
JOB_GLIDEIN_SiteWMS_Slot = "$$(GLIDEIN_SiteWMS_Slot:Unknown)"
JOB_GLIDEIN_SiteWMS = "$$(GLIDEIN_SiteWMS:Unknown)"
JOB_GLIDEIN_Site = "$$(GLIDEIN_Site:Unknown)"
JOB_Site = "$$(GLIDEIN_Site:Unknown)"
JOB_GLIDEIN_ProcId = "$$(GLIDEIN_ProcId:Unknown)"
JOB_GLIDEIN_Factory = "$$(GLIDEIN_Factory:Unknown)"
JOB_GLIDEIN_Entry_Name = "$$(GLIDEIN_Entry_Name:Unknown)"
JOB_GLIDEIN_ClusterId = "$$(GLIDEIN_ClusterId:Unknown)"
JOB_GLIDEIN_Schedd = "$$(GLIDEIN_Schedd:Unknown)"
EventTypeNumber = 28
Subproc = 0
MyType = "SubmitEvent"
TriggerEventTypeName = "ULOG_SUBMIT"
Cluster = 16094823
Proc = 0
EventTime = "2018-10-23T17:43:23"
SubmitHost = "<128.230.146.18:9615?PrivAddr=%3c10.5.2.3:9615%3fsock%3d2967851_7f63%3e&PrivNet=SU_ITS&addrs=128.230.146.18-9615+[--1]-9615&noUDP&sock=2967851_7f63>"
LogNotes = "DAG Node: clean_up_local_level_6_0"
UserNotes = "pool:local"
JOB_GLIDEIN_Name = "$$(GLIDEIN_Name:Unknown)"
...
001 (16094823.000.000) 10/23 17:47:09 Job executing on host: <128.230.146.18:9615?PrivAddr=%3c10.5.2.3:9615%3fsock%3d2967851_7f63_2612%3e&PrivNet=SU_ITS&addrs=128.230.146.18-9615+[--1]-9615&noUDP&sock=2967851_7f63_2612>
...
005 (16094823.000.000) 10/23 17:47:12 Job terminated.
	(1) Normal termination (return value 0)
		Usr 0 00:00:00, Sys 0 00:00:00  -  Run Remote Usage
		Usr 0 00:00:00, Sys 0 00:00:00  -  Run Local Usage
		Usr 0 00:00:00, Sys 0 00:00:00  -  Total Remote Usage
		Usr 0 00:00:00, Sys 0 00:00:00  -  Total Local Usage
	0  -  Run Bytes Sent By Job
	0  -  Run Bytes Received By Job
	0  -  Total Bytes Sent By Job
	0  -  Total Bytes Received By Job
...
028 (16094823.000.000) 10/23 17:47:12 Job ad information event triggered.
JOB_GLIDEIN_ClusterId = "Unknown"
JOB_GLIDEIN_Schedd = "Unknown"
SentBytes = 0.0
TotalRemoteUsage = "Usr 0 00:00:00, Sys 0 00:00:00"
JOB_GLIDEIN_Name = "Unknown"
TerminatedNormally = true
JOB_Site = "Unknown"
JOB_GLIDEIN_Site = "Unknown"
TotalLocalUsage = "Usr 0 00:00:00, Sys 0 00:00:00"
EventTypeNumber = 28
TotalSentBytes = 0.0
EventTime = "2018-10-23T17:47:12"
Proc = 0
Subproc = 0
MyType = "JobTerminatedEvent"
TriggerEventTypeName = "ULOG_JOB_TERMINATED"
RunRemoteUsage = "Usr 0 00:00:00, Sys 0 00:00:00"
JOB_GLIDEIN_Entry_Name = "Unknown"
JOB_GLIDEIN_Factory = "Unknown"
JOB_GLIDEIN_ProcId = "Unknown"
Cluster = 16094823
ReceivedBytes = 0.0
TotalReceivedBytes = 0.0
ReturnValue = 0
RunLocalUsage = "Usr 0 00:00:00, Sys 0 00:00:00"
JOB_GLIDEIN_SiteWMS = "Unknown"
JOB_GLIDEIN_SiteWMS_Slot = "Unknown"
JOB_GLIDEIN_SiteWMS_JobId = "Unknown"
JOB_GLIDEIN_SiteWMS_Queue = "Unknown"
TriggerEventTypeNumber = 5
...
000 (16094824.000.000) 10/23 17:47:33 Job submitted from host: <128.230.146.18:9615?PrivAddr=%3c10.5.2.3:9615%3fsock%3d2967851_7f63%3e&PrivNet=SU_ITS&addrs=128.230.146.18-9615+[--1]-9615&noUDP&sock=2967851_7f63>
    DAG Node: cleanup_blackdiamond_0_local
    pool:local
...
028 (16094824.000.000) 10/23 17:47:33 Job ad information event triggered.
TriggerEventTypeNumber = 0
JOB_GLIDEIN_SiteWMS_Queue = "$$(GLIDEIN_SiteWMS_Queue:Unknown)"
JOB_GLIDEIN_SiteWMS_JobId = "$$(GLIDEIN_SiteWMS_JobId:Unknown)"
JOB_GLIDEIN_SiteWMS_Slot = "$$(GLIDEIN_SiteWMS_Slot:Unknown)"
JOB_GLIDEIN_SiteWMS = "$$(GLIDEIN_SiteWMS:Unknown)"
JOB_GLIDEIN_Site = "$$(GLIDEIN_Site:Unknown)"
JOB_Site = "$$(GLIDEIN_Site:Unknown)"
JOB_GLIDEIN_ProcId = "$$(GLIDEIN_ProcId:Unknown)"
JOB_GLIDEIN_Factory = "$$(GLIDEIN_Factory:Unknown)"
JOB_GLIDEIN_Entry_Name = "$$(GLIDEIN_Entry_Name:Unknown)"
JOB_GLIDEIN_ClusterId = "$$(GLIDEIN_ClusterId:Unknown)"
JOB_GLIDEIN_Schedd = "$$(GLIDEIN_Schedd:Unknown)"
EventTypeNumber = 28
Subproc = 0
MyType = "SubmitEvent"
TriggerEventTypeName = "ULOG_SUBMIT"
Cluster = 16094824
Proc = 0
EventTime = "2018-10-23T17:47:33"
SubmitHost = "<128.230.146.18:9615?PrivAddr=%3c10.5.2.3:9615%3fsock%3d2967851_7f63%3e&PrivNet=SU_ITS&addrs=128.230.146.18-9615+[--1]-9615&noUDP&sock=2967851_7f63>"
LogNotes = "DAG Node: cleanup_blackdiamond_0_local"
UserNotes = "pool:local"
JOB_GLIDEIN_Name = "$$(GLIDEIN_Name:Unknown)"
...
001 (16094824.000.000) 10/23 17:48:23 Job executing on host: <128.230.146.18:9615?PrivAddr=%3c10.5.2.3:9615%3fsock%3d2967851_7f63_2613%3e&PrivNet=SU_ITS&addrs=128.230.146.18-9615+[--1]-9615&noUDP&sock=2967851_7f63_2613>
...
005 (16094824.000.000) 10/23 17:48:26 Job terminated.
	(1) Normal termination (return value 0)
		Usr 0 00:00:00, Sys 0 00:00:00  -  Run Remote Usage
		Usr 0 00:00:00, Sys 0 00:00:00  -  Run Local Usage
		Usr 0 00:00:00, Sys 0 00:00:00  -  Total Remote Usage
		Usr 0 00:00:00, Sys 0 00:00:00  -  Total Local Usage
	0  -  Run Bytes Sent By Job
	0  -  Run Bytes Received By Job
	0  -  Total Bytes Sent By Job
	0  -  Total Bytes Received By Job
...
028 (16094824.000.000) 10/23 17:48:26 Job ad information event triggered.
JOB_GLIDEIN_ClusterId = "Unknown"
JOB_GLIDEIN_Schedd = "Unknown"
SentBytes = 0.0
TotalRemoteUsage = "Usr 0 00:00:00, Sys 0 00:00:00"
JOB_GLIDEIN_Name = "Unknown"
TerminatedNormally = true
JOB_Site = "Unknown"
JOB_GLIDEIN_Site = "Unknown"
TotalLocalUsage = "Usr 0 00:00:00, Sys 0 00:00:00"
EventTypeNumber = 28
TotalSentBytes = 0.0
EventTime = "2018-10-23T17:48:26"
Proc = 0
Subproc = 0
MyType = "JobTerminatedEvent"
TriggerEventTypeName = "ULOG_JOB_TERMINATED"
RunRemoteUsage = "Usr 0 00:00:00, Sys 0 00:00:00"
JOB_GLIDEIN_Entry_Name = "Unknown"
JOB_GLIDEIN_Factory = "Unknown"
JOB_GLIDEIN_ProcId = "Unknown"
Cluster = 16094824
ReceivedBytes = 0.0
TotalReceivedBytes = 0.0
ReturnValue = 0
RunLocalUsage = "Usr 0 00:00:00, Sys 0 00:00:00"
JOB_GLIDEIN_SiteWMS = "Unknown"
JOB_GLIDEIN_SiteWMS_Slot = "Unknown"
JOB_GLIDEIN_SiteWMS_JobId = "Unknown"
JOB_GLIDEIN_SiteWMS_Queue = "Unknown"
TriggerEventTypeNumber = 5
...
